<?xml version="1.0" encoding="UTF-8"?>
<!-- Generated by org.testng.reporters.JUnitReportReporter -->
<testsuite skipped="0" hostname="USB1JR0N2" name="G99.G99Class" tests="2" failures="0" timestamp="16 Jan 2019 20:59:38 GMT" time="9.004" errors="0">
  <testcase name="verifyLogin" time="8.899" classname="G99.G99Class"/>
  <testcase name="verifymanagerID" time="0.105" classname="G99.G99Class"/>
</testsuite> <!-- G99.G99Class -->
