<?xml version="1.0" encoding="UTF-8"?>
<!-- Generated by org.testng.reporters.JUnitReportReporter -->
<testsuite skipped="0" hostname="USB1JR0N2" name="G99.G99Class" tests="1" failures="0" timestamp="14 Jan 2019 19:24:19 GMT" time="5.891" errors="0">
  <testcase name="verifyLogin" time="5.891" classname="G99.G99Class"/>
</testsuite> <!-- G99.G99Class -->
